2025-01-19T05:52:25.550Z - INFO: GET /v1/auth
2025-01-19T05:52:31.568Z - INFO: GET /v1/auth
2025-01-19T05:52:43.008Z - INFO: GET /v1
2025-01-19T06:35:48.385Z - INFO: POST /v1/auth/login
2025-01-19T06:35:49.115Z - INFO: GET /v1/products?page=1&size=15
2025-01-19T06:35:49.124Z - INFO: GET /v1/auth/user
2025-01-19T06:36:07.029Z - INFO: GET /v1/products?page=1&size=15
2025-01-19T06:36:07.033Z - INFO: GET /v1/auth/user
2025-01-20T05:12:18.151Z - INFO: GET /v1/auth/check-username/chotu
2025-01-20T05:13:03.907Z - INFO: GET /v1/auth/check-username/chotu
2025-01-20T05:13:04.577Z - INFO: POST /v1/auth/register
2025-01-20T05:13:19.645Z - INFO: POST /v1/auth/login
2025-01-20T05:13:33.068Z - INFO: POST /v1/auth/login
2025-01-20T05:14:50.905Z - INFO: POST /v1/auth/login
2025-01-20T05:15:52.835Z - INFO: POST /v1/auth/login
2025-01-20T05:15:53.011Z - INFO: GET /v1/products?page=1&size=15
2025-01-20T05:15:53.020Z - INFO: GET /v1/auth/user
2025-01-20T05:17:02.303Z - INFO: GET /v1/products?page=2&size=15
2025-01-20T05:17:09.447Z - INFO: GET /v1/products?page=3&size=15
2025-01-20T05:18:05.653Z - INFO: GET /v1/products?page=2&size=15
2025-01-20T05:18:07.166Z - INFO: GET /v1/products?page=1&size=15
2025-01-20T05:23:42.388Z - INFO: GET /v1/products?page=2&size=15
2025-01-20T05:23:42.804Z - INFO: GET /v1/products?page=3&size=15
2025-01-20T05:23:44.944Z - INFO: GET /v1/products?page=4&size=15
2025-01-20T05:23:46.695Z - INFO: GET /v1/products?page=5&size=15
2025-01-20T05:23:48.369Z - INFO: GET /v1/products?page=6&size=15
2025-01-20T05:23:48.730Z - INFO: GET /v1/products?page=7&size=15
2025-01-20T05:23:50.842Z - INFO: GET /v1/products?page=8&size=15
